Using pre-set license
Built from '2021.3/staging' branch; Version is '2021.3.3f1 (af2e63e8f9bd) revision 11480675'; Using compiler version '192829333'; Build Type 'Release'
OS: 'Windows 11  (10.0.22000) 64bit Core' Language: 'nl' Physical Memory: 15716 MB
BatchMode: 1, IsHumanControllingUs: 0, StartBugReporterOnCrash: 0, Is64bit: 1, IsPro: 1

COMMAND LINE ARGUMENTS:
C:\Program Files\Unity\Hub\Editor\2021.3.3f1\Editor\Unity.exe
-adb2
-batchMode
-noUpm
-name
AssetImportWorker0
-projectPath
C:/Users/roell/Documents/Master AI/New Media Lab/Project/MR-Dashboard
-logFile
Logs/AssetImportWorker0.log
-srvPort
60614
Successfully changed project path to: C:/Users/roell/Documents/Master AI/New Media Lab/Project/MR-Dashboard
C:/Users/roell/Documents/Master AI/New Media Lab/Project/MR-Dashboard
[UnityMemory] Configuration Parameters - Can be set up in boot.config
    "memorysetup-bucket-allocator-granularity=16"
    "memorysetup-bucket-allocator-bucket-count=8"
    "memorysetup-bucket-allocator-block-size=33554432"
    "memorysetup-bucket-allocator-block-count=8"
    "memorysetup-main-allocator-block-size=16777216"
    "memorysetup-thread-allocator-block-size=16777216"
    "memorysetup-gfx-main-allocator-block-size=16777216"
    "memorysetup-gfx-thread-allocator-block-size=16777216"
    "memorysetup-cache-allocator-block-size=4194304"
    "memorysetup-typetree-allocator-block-size=2097152"
    "memorysetup-profiler-bucket-allocator-granularity=16"
    "memorysetup-profiler-bucket-allocator-bucket-count=8"
    "memorysetup-profiler-bucket-allocator-block-size=33554432"
    "memorysetup-profiler-bucket-allocator-block-count=8"
    "memorysetup-profiler-allocator-block-size=16777216"
    "memorysetup-profiler-editor-allocator-block-size=1048576"
    "memorysetup-temp-allocator-size-main=16777216"
    "memorysetup-job-temp-allocator-block-size=2097152"
    "memorysetup-job-temp-allocator-block-size-background=1048576"
    "memorysetup-job-temp-allocator-reduction-small-platforms=262144"
    "memorysetup-temp-allocator-size-background-worker=32768"
    "memorysetup-temp-allocator-size-job-worker=262144"
    "memorysetup-temp-allocator-size-preload-manager=33554432"
    "memorysetup-temp-allocator-size-nav-mesh-worker=65536"
    "memorysetup-temp-allocator-size-audio-worker=65536"
    "memorysetup-temp-allocator-size-cloud-worker=32768"
    "memorysetup-temp-allocator-size-gi-baking-worker=262144"
    "memorysetup-temp-allocator-size-gfx=262144"
Refreshing native plugins compatible for Editor in 55.71 ms, found 6 plugins.
Preloading 0 native plugins for Editor in 0.00 ms.
Initialize engine version: 2021.3.3f1 (af2e63e8f9bd)
[Subsystems] Discovering subsystems at path C:/Program Files/Unity/Hub/Editor/2021.3.3f1/Editor/Data/Resources/UnitySubsystems
[Subsystems] Discovering subsystems at path C:/Users/roell/Documents/Master AI/New Media Lab/Project/MR-Dashboard/Assets
GfxDevice: creating device client; threaded=0; jobified=0
Direct3D:
    Version:  Direct3D 11.0 [level 11.1]
    Renderer: NVIDIA GeForce RTX 3060 Laptop GPU (ID=0x2520)
    Vendor:   NVIDIA
    VRAM:     6023 MB
    Driver:   31.0.15.1601
Initialize mono
Mono path[0] = 'C:/Program Files/Unity/Hub/Editor/2021.3.3f1/Editor/Data/Managed'
Mono path[1] = 'C:/Program Files/Unity/Hub/Editor/2021.3.3f1/Editor/Data/MonoBleedingEdge/lib/mono/unityjit-win32'
Mono config path = 'C:/Program Files/Unity/Hub/Editor/2021.3.3f1/Editor/Data/MonoBleedingEdge/etc'
Using monoOptions --debugger-agent=transport=dt_socket,embedding=1,server=y,suspend=n,address=127.0.0.1:56736
Begin MonoManager ReloadAssembly
Registering precompiled unity dll's ...
Register platform support module: C:/Program Files/Unity/Hub/Editor/2021.3.3f1/Editor/Data/PlaybackEngines/AndroidPlayer/UnityEditor.Android.Extensions.dll
Register platform support module: C:/Program Files/Unity/Hub/Editor/2021.3.3f1/Editor/Data/PlaybackEngines/WindowsStandaloneSupport/UnityEditor.WindowsStandalone.Extensions.dll
Registered in 0.009609 seconds.
Native extension for WindowsStandalone target not found
Native extension for Android target not found
Refreshing native plugins compatible for Editor in 39.70 ms, found 6 plugins.
Preloading 0 native plugins for Editor in 0.00 ms.
Mono: successfully reloaded assembly
- Completed reload, in  0.881 seconds
Domain Reload Profiling:
	ReloadAssembly (881ms)
		BeginReloadAssembly (112ms)
			ExecutionOrderSort (0ms)
			DisableScriptedObjects (0ms)
			BackupInstance (0ms)
			ReleaseScriptingObjects (0ms)
			CreateAndSetChildDomain (1ms)
		EndReloadAssembly (601ms)
			LoadAssemblies (109ms)
			RebuildTransferFunctionScriptingTraits (0ms)
			SetupTypeCache (146ms)
			ReleaseScriptCaches (0ms)
			RebuildScriptCaches (50ms)
			SetupLoadedEditorAssemblies (320ms)
				LogAssemblyErrors (0ms)
				InitializePlatformSupportModulesInManaged (86ms)
				SetLoadedEditorAssemblies (0ms)
				RefreshPlugins (40ms)
				BeforeProcessingInitializeOnLoad (2ms)
				ProcessInitializeOnLoadAttributes (126ms)
				ProcessInitializeOnLoadMethodAttributes (65ms)
				AfterProcessingInitializeOnLoad (0ms)
				EditorAssembliesLoaded (0ms)
			ExecutionOrderSort2 (0ms)
			AwakeInstancesAfterBackupRestoration (0ms)
Platform modules already initialized, skipping
Registering precompiled user dll's ...
Registered in 0.009811 seconds.
Begin MonoManager ReloadAssembly
Native extension for WindowsStandalone target not found
Native extension for Android target not found
Refreshing native plugins compatible for Editor in 0.78 ms, found 6 plugins.
Preloading 0 native plugins for Editor in 0.00 ms.
Mono: successfully reloaded assembly
- Completed reload, in  1.427 seconds
Domain Reload Profiling:
	ReloadAssembly (1428ms)
		BeginReloadAssembly (256ms)
			ExecutionOrderSort (0ms)
			DisableScriptedObjects (9ms)
			BackupInstance (0ms)
			ReleaseScriptingObjects (0ms)
			CreateAndSetChildDomain (129ms)
		EndReloadAssembly (1024ms)
			LoadAssemblies (112ms)
			RebuildTransferFunctionScriptingTraits (0ms)
			SetupTypeCache (246ms)
			ReleaseScriptCaches (0ms)
			RebuildScriptCaches (54ms)
			SetupLoadedEditorAssemblies (543ms)
				LogAssemblyErrors (0ms)
				InitializePlatformSupportModulesInManaged (40ms)
				SetLoadedEditorAssemblies (1ms)
				RefreshPlugins (1ms)
				BeforeProcessingInitializeOnLoad (102ms)
				ProcessInitializeOnLoadAttributes (337ms)
				ProcessInitializeOnLoadMethodAttributes (51ms)
				AfterProcessingInitializeOnLoad (11ms)
				EditorAssembliesLoaded (0ms)
			ExecutionOrderSort2 (0ms)
			AwakeInstancesAfterBackupRestoration (8ms)
Platform modules already initialized, skipping
========================================================================
Worker process is ready to serve import requests
Launched and connected shader compiler UnityShaderCompiler.exe after 0.06 seconds
Refreshing native plugins compatible for Editor in 0.56 ms, found 6 plugins.
Preloading 0 native plugins for Editor in 0.00 ms.
Unloading 1969 Unused Serialized files (Serialized files now loaded: 0)
Unloading 33 unused Assets / (48.4 KB). Loaded Objects now: 2425.
Memory consumption went from 82.9 MB to 82.8 MB.
Total: 5.446800 ms (FindLiveObjects: 0.188100 ms CreateObjectMapping: 0.095700 ms MarkObjects: 5.035500 ms  DeleteObjects: 0.126100 ms)

AssetImportParameters requested are different than current active one (requested -> active):
  custom:video-decoder-ogg-theora: a1e56fd34408186e4bbccfd4996cb3dc -> 
  custom:container-muxer-webm: aa71ff27fc2769a1b78a27578f13a17b -> 
  custom:container-demuxer-webm: 4f35f7cbe854078d1ac9338744f61a02 -> 
  custom:video-encoder-webm-vp8: eb34c28f22e8b96e1ab97ce403110664 -> 
  custom:video-codec-MediaFoundation-h265: 746d11721c4dcdbdad8f713fa42b33f4 -> 
  custom:audio-encoder-webm-vorbis: bf7c407c2cedff20999df2af8eb42d56 -> 
  custom:framework-win-MediaFoundation: 216162199b28c13a410421893ffa2e32 -> 
  custom:container-demuxer-ogg: 62fdf1f143b41e24485cea50d1cbac27 -> 
  custom:video-decoder-webm-vp8: 9c59270c3fd7afecdb556c50c9e8de78 -> 
  custom:audio-decoder-ogg-vorbis: bf7c407c2cedff20999df2af8eb42d56 -> 
========================================================================
Received Import Request.
  Time since last request: 91285.079417 seconds.
  path: Assets/CustomAssets Roel/Student.prefab
  artifactKey: Guid(582000643605d4245aad977265e45a1b) Importer(815301076,1909f56bfc062723c751e8b465ee728b)
Start importing Assets/CustomAssets Roel/Student.prefab using Guid(582000643605d4245aad977265e45a1b) Importer(815301076,1909f56bfc062723c751e8b465ee728b)  -> (artifact id: 'f02415e3533081b9cb8c96d8cdfc63c1') in 0.184459 seconds 
========================================================================
Received Import Request.
  Time since last request: 0.000039 seconds.
  path: Assets/CustomAssets Roel
  artifactKey: Guid(add7966faea3ae1468c46792d2aa163f) Importer(815301076,1909f56bfc062723c751e8b465ee728b)
Start importing Assets/CustomAssets Roel using Guid(add7966faea3ae1468c46792d2aa163f) Importer(815301076,1909f56bfc062723c751e8b465ee728b)  -> (artifact id: '486318b5c5b05a6b4742219ad73d92cb') in 0.005525 seconds 
========================================================================
Received Import Request.
  Time since last request: 0.000025 seconds.
  path: Assets/CustomAssets Roel/DetectableImages
  artifactKey: Guid(355d5c17868b66349abb1a21fd23352b) Importer(815301076,1909f56bfc062723c751e8b465ee728b)
Start importing Assets/CustomAssets Roel/DetectableImages using Guid(355d5c17868b66349abb1a21fd23352b) Importer(815301076,1909f56bfc062723c751e8b465ee728b)  -> (artifact id: '1ad7027c547d07ef8f72fa57c513dd8b') in 0.005726 seconds 
========================================================================
Received Import Request.
  Time since last request: 0.000029 seconds.
  path: Assets/CustomAssets Roel/DetectableImages/TrackingImageDatabase.asset
  artifactKey: Guid(f5551a627dd7d394e99f5c0647516b12) Importer(815301076,1909f56bfc062723c751e8b465ee728b)
Start importing Assets/CustomAssets Roel/DetectableImages/TrackingImageDatabase.asset using Guid(f5551a627dd7d394e99f5c0647516b12) Importer(815301076,1909f56bfc062723c751e8b465ee728b)  -> (artifact id: '5e261f4c5895e5f6ecebe6cd4e0264ba') in 0.031889 seconds 
========================================================================
Received Import Request.
  Time since last request: 0.000027 seconds.
  path: Assets/CustomAssets Roel/DetectableImages/s101.png
  artifactKey: Guid(44881472cfb76474281964896c2688f0) Importer(815301076,1909f56bfc062723c751e8b465ee728b)
Start importing Assets/CustomAssets Roel/DetectableImages/s101.png using Guid(44881472cfb76474281964896c2688f0) Importer(815301076,1909f56bfc062723c751e8b465ee728b)  -> (artifact id: '2610528af8b45f686e78dc7159c3cd49') in 0.049179 seconds 
========================================================================
Received Prepare
Registering precompiled user dll's ...
Registered in 0.009560 seconds.
Begin MonoManager ReloadAssembly
Native extension for WindowsStandalone target not found
Native extension for Android target not found
Refreshing native plugins compatible for Editor in 1.06 ms, found 6 plugins.
Preloading 0 native plugins for Editor in 0.00 ms.
Mono: successfully reloaded assembly
- Completed reload, in  1.299 seconds
Domain Reload Profiling:
	ReloadAssembly (1300ms)
		BeginReloadAssembly (181ms)
			ExecutionOrderSort (0ms)
			DisableScriptedObjects (6ms)
			BackupInstance (0ms)
			ReleaseScriptingObjects (0ms)
			CreateAndSetChildDomain (43ms)
		EndReloadAssembly (950ms)
			LoadAssemblies (116ms)
			RebuildTransferFunctionScriptingTraits (0ms)
			SetupTypeCache (233ms)
			ReleaseScriptCaches (1ms)
			RebuildScriptCaches (48ms)
			SetupLoadedEditorAssemblies (492ms)
				LogAssemblyErrors (0ms)
				InitializePlatformSupportModulesInManaged (41ms)
				SetLoadedEditorAssemblies (1ms)
				RefreshPlugins (1ms)
				BeforeProcessingInitializeOnLoad (75ms)
				ProcessInitializeOnLoadAttributes (313ms)
				ProcessInitializeOnLoadMethodAttributes (49ms)
				AfterProcessingInitializeOnLoad (11ms)
				EditorAssembliesLoaded (0ms)
			ExecutionOrderSort2 (0ms)
			AwakeInstancesAfterBackupRestoration (11ms)
Platform modules already initialized, skipping
Refreshing native plugins compatible for Editor in 4.73 ms, found 6 plugins.
Preloading 0 native plugins for Editor in 0.00 ms.
Unloading 1948 Unused Serialized files (Serialized files now loaded: 0)
Unloading 26 unused Assets / (24.7 KB). Loaded Objects now: 2437.
Memory consumption went from 85.1 MB to 85.1 MB.
Total: 4.485200 ms (FindLiveObjects: 0.181700 ms CreateObjectMapping: 0.064300 ms MarkObjects: 4.207700 ms  DeleteObjects: 0.029800 ms)

AssetImportParameters requested are different than current active one (requested -> active):
  custom:video-decoder-ogg-theora: a1e56fd34408186e4bbccfd4996cb3dc -> 
  custom:container-muxer-webm: aa71ff27fc2769a1b78a27578f13a17b -> 
  custom:container-demuxer-webm: 4f35f7cbe854078d1ac9338744f61a02 -> 
  custom:video-encoder-webm-vp8: eb34c28f22e8b96e1ab97ce403110664 -> 
  custom:video-codec-MediaFoundation-h265: 746d11721c4dcdbdad8f713fa42b33f4 -> 
  custom:audio-encoder-webm-vorbis: bf7c407c2cedff20999df2af8eb42d56 -> 
  custom:framework-win-MediaFoundation: 216162199b28c13a410421893ffa2e32 -> 
  custom:container-demuxer-ogg: 62fdf1f143b41e24485cea50d1cbac27 -> 
  custom:video-decoder-webm-vp8: 9c59270c3fd7afecdb556c50c9e8de78 -> 
  custom:audio-decoder-ogg-vorbis: bf7c407c2cedff20999df2af8eb42d56 -> 
========================================================================
Received Prepare
Registering precompiled user dll's ...
Registered in 0.011746 seconds.
Begin MonoManager ReloadAssembly
Native extension for WindowsStandalone target not found
Native extension for Android target not found
Refreshing native plugins compatible for Editor in 0.63 ms, found 6 plugins.
Preloading 0 native plugins for Editor in 0.00 ms.
Mono: successfully reloaded assembly
- Completed reload, in  1.397 seconds
Domain Reload Profiling:
	ReloadAssembly (1398ms)
		BeginReloadAssembly (188ms)
			ExecutionOrderSort (0ms)
			DisableScriptedObjects (8ms)
			BackupInstance (0ms)
			ReleaseScriptingObjects (0ms)
			CreateAndSetChildDomain (43ms)
		EndReloadAssembly (1024ms)
			LoadAssemblies (121ms)
			RebuildTransferFunctionScriptingTraits (0ms)
			SetupTypeCache (300ms)
			ReleaseScriptCaches (1ms)
			RebuildScriptCaches (64ms)
			SetupLoadedEditorAssemblies (488ms)
				LogAssemblyErrors (0ms)
				InitializePlatformSupportModulesInManaged (37ms)
				SetLoadedEditorAssemblies (1ms)
				RefreshPlugins (1ms)
				BeforeProcessingInitializeOnLoad (64ms)
				ProcessInitializeOnLoadAttributes (336ms)
				ProcessInitializeOnLoadMethodAttributes (38ms)
				AfterProcessingInitializeOnLoad (11ms)
				EditorAssembliesLoaded (0ms)
			ExecutionOrderSort2 (0ms)
			AwakeInstancesAfterBackupRestoration (8ms)
Platform modules already initialized, skipping
Refreshing native plugins compatible for Editor in 4.03 ms, found 6 plugins.
Preloading 0 native plugins for Editor in 0.00 ms.
Unloading 1948 Unused Serialized files (Serialized files now loaded: 0)
Unloading 26 unused Assets / (24.6 KB). Loaded Objects now: 2440.
Memory consumption went from 85.1 MB to 85.1 MB.
Total: 3.219200 ms (FindLiveObjects: 0.165100 ms CreateObjectMapping: 0.098600 ms MarkObjects: 2.932300 ms  DeleteObjects: 0.021800 ms)

AssetImportParameters requested are different than current active one (requested -> active):
  custom:video-decoder-ogg-theora: a1e56fd34408186e4bbccfd4996cb3dc -> 
  custom:container-muxer-webm: aa71ff27fc2769a1b78a27578f13a17b -> 
  custom:container-demuxer-webm: 4f35f7cbe854078d1ac9338744f61a02 -> 
  custom:video-encoder-webm-vp8: eb34c28f22e8b96e1ab97ce403110664 -> 
  custom:video-codec-MediaFoundation-h265: 746d11721c4dcdbdad8f713fa42b33f4 -> 
  custom:audio-encoder-webm-vorbis: bf7c407c2cedff20999df2af8eb42d56 -> 
  custom:framework-win-MediaFoundation: 216162199b28c13a410421893ffa2e32 -> 
  custom:container-demuxer-ogg: 62fdf1f143b41e24485cea50d1cbac27 -> 
  custom:video-decoder-webm-vp8: 9c59270c3fd7afecdb556c50c9e8de78 -> 
  custom:audio-decoder-ogg-vorbis: bf7c407c2cedff20999df2af8eb42d56 -> 
========================================================================
Received Prepare
Registering precompiled user dll's ...
Registered in 0.007425 seconds.
Begin MonoManager ReloadAssembly
Native extension for WindowsStandalone target not found
Native extension for Android target not found
Refreshing native plugins compatible for Editor in 0.80 ms, found 6 plugins.
Preloading 0 native plugins for Editor in 0.00 ms.
Mono: successfully reloaded assembly
- Completed reload, in  0.963 seconds
Domain Reload Profiling:
	ReloadAssembly (963ms)
		BeginReloadAssembly (126ms)
			ExecutionOrderSort (0ms)
			DisableScriptedObjects (5ms)
			BackupInstance (0ms)
			ReleaseScriptingObjects (0ms)
			CreateAndSetChildDomain (33ms)
		EndReloadAssembly (733ms)
			LoadAssemblies (70ms)
			RebuildTransferFunctionScriptingTraits (0ms)
			SetupTypeCache (221ms)
			ReleaseScriptCaches (1ms)
			RebuildScriptCaches (36ms)
			SetupLoadedEditorAssemblies (356ms)
				LogAssemblyErrors (0ms)
				InitializePlatformSupportModulesInManaged (29ms)
				SetLoadedEditorAssemblies (1ms)
				RefreshPlugins (1ms)
				BeforeProcessingInitializeOnLoad (55ms)
				ProcessInitializeOnLoadAttributes (228ms)
				ProcessInitializeOnLoadMethodAttributes (34ms)
				AfterProcessingInitializeOnLoad (8ms)
				EditorAssembliesLoaded (0ms)
			ExecutionOrderSort2 (0ms)
			AwakeInstancesAfterBackupRestoration (9ms)
Platform modules already initialized, skipping
Refreshing native plugins compatible for Editor in 2.84 ms, found 6 plugins.
Preloading 0 native plugins for Editor in 0.00 ms.
Unloading 1948 Unused Serialized files (Serialized files now loaded: 0)
Unloading 26 unused Assets / (25.7 KB). Loaded Objects now: 2443.
Memory consumption went from 85.1 MB to 85.1 MB.
Total: 2.659600 ms (FindLiveObjects: 0.146300 ms CreateObjectMapping: 0.050500 ms MarkObjects: 2.435900 ms  DeleteObjects: 0.026100 ms)

AssetImportParameters requested are different than current active one (requested -> active):
  custom:video-decoder-ogg-theora: a1e56fd34408186e4bbccfd4996cb3dc -> 
  custom:container-muxer-webm: aa71ff27fc2769a1b78a27578f13a17b -> 
  custom:container-demuxer-webm: 4f35f7cbe854078d1ac9338744f61a02 -> 
  custom:video-encoder-webm-vp8: eb34c28f22e8b96e1ab97ce403110664 -> 
  custom:video-codec-MediaFoundation-h265: 746d11721c4dcdbdad8f713fa42b33f4 -> 
  custom:audio-encoder-webm-vorbis: bf7c407c2cedff20999df2af8eb42d56 -> 
  custom:framework-win-MediaFoundation: 216162199b28c13a410421893ffa2e32 -> 
  custom:container-demuxer-ogg: 62fdf1f143b41e24485cea50d1cbac27 -> 
  custom:video-decoder-webm-vp8: 9c59270c3fd7afecdb556c50c9e8de78 -> 
  custom:audio-decoder-ogg-vorbis: bf7c407c2cedff20999df2af8eb42d56 -> 
========================================================================
Received Import Request.
  Time since last request: 154.702880 seconds.
  path: Assets/NRSDK/Demos/TrackingImage/Prefabs/Axis.prefab
  artifactKey: Guid(4ec1154c02e11f44f958508ea836b680) Importer(815301076,1909f56bfc062723c751e8b465ee728b)
Start importing Assets/NRSDK/Demos/TrackingImage/Prefabs/Axis.prefab using Guid(4ec1154c02e11f44f958508ea836b680) Importer(815301076,1909f56bfc062723c751e8b465ee728b)  -> (artifact id: '7b5d458528a30017adb2400a9bb449fc') in 0.118399 seconds 
========================================================================
Received Import Request.
  Time since last request: 0.000041 seconds.
  path: Assets/NRSDK/Demos/TrackingImage/Materials/Frame/FrameUpperLeft.obj
  artifactKey: Guid(6666c2b1b39a3466c96b2a4be1428ced) Importer(815301076,1909f56bfc062723c751e8b465ee728b)
Start importing Assets/NRSDK/Demos/TrackingImage/Materials/Frame/FrameUpperLeft.obj using Guid(6666c2b1b39a3466c96b2a4be1428ced) Importer(815301076,1909f56bfc062723c751e8b465ee728b)  -> (artifact id: 'a6277f3ae4b18afcbb2d7f6cd04c9173') in 0.592089 seconds 
========================================================================
Received Import Request.
  Time since last request: 0.000041 seconds.
  path: Assets/NRSDK/Demos/HelloMR/Resources/LostTrackingTip.prefab
  artifactKey: Guid(0e68335b21b047d48877131228486aa9) Importer(815301076,1909f56bfc062723c751e8b465ee728b)
Start importing Assets/NRSDK/Demos/HelloMR/Resources/LostTrackingTip.prefab using Guid(0e68335b21b047d48877131228486aa9) Importer(815301076,1909f56bfc062723c751e8b465ee728b)  -> (artifact id: '87b40369951556b05d71bf2e00355827') in 0.017258 seconds 
========================================================================
Received Import Request.
  Time since last request: 0.000050 seconds.
  path: Assets/NRSDK/Emulator/Resources/Prefabs/NREmulatorHeadPose.prefab
  artifactKey: Guid(f93abd335190b1e41836394bb8e431d0) Importer(815301076,1909f56bfc062723c751e8b465ee728b)
Start importing Assets/NRSDK/Emulator/Resources/Prefabs/NREmulatorHeadPose.prefab using Guid(f93abd335190b1e41836394bb8e431d0) Importer(815301076,1909f56bfc062723c751e8b465ee728b)  -> (artifact id: '8c75d19aa0026167565ae64f51b5bc81') in 0.008670 seconds 
========================================================================
Received Import Request.
  Time since last request: 0.000025 seconds.
  path: Assets/NRSDK/Demos/TrackingImage/Materials/Frame/FrameLowerLeft.obj
  artifactKey: Guid(74aca5660a7fd4b9eb3611a73c368d15) Importer(815301076,1909f56bfc062723c751e8b465ee728b)
Start importing Assets/NRSDK/Demos/TrackingImage/Materials/Frame/FrameLowerLeft.obj using Guid(74aca5660a7fd4b9eb3611a73c368d15) Importer(815301076,1909f56bfc062723c751e8b465ee728b)  -> (artifact id: 'd2ea27c987a76ba78700da1bce732582') in 0.037065 seconds 
========================================================================
Received Import Request.
  Time since last request: 0.000030 seconds.
  path: Assets/NRSDK/Demos/RGBCamera/Prefabs/CaptureCamera.prefab
  artifactKey: Guid(442186e34cf086f4d98236add76b5868) Importer(815301076,1909f56bfc062723c751e8b465ee728b)
Start importing Assets/NRSDK/Demos/RGBCamera/Prefabs/CaptureCamera.prefab using Guid(442186e34cf086f4d98236add76b5868) Importer(815301076,1909f56bfc062723c751e8b465ee728b)  -> (artifact id: '1d16d6a342cb085f5fee0b7246307c9d') in 0.013860 seconds 
========================================================================
Received Import Request.
  Time since last request: 0.000020 seconds.
  path: Assets/NRSDK/Demos/HelloMR/Prefabs/DemoScenesMenu.prefab
  artifactKey: Guid(0f966eaff65774345a8662b034a7c0e2) Importer(815301076,1909f56bfc062723c751e8b465ee728b)
Start importing Assets/NRSDK/Demos/HelloMR/Prefabs/DemoScenesMenu.prefab using Guid(0f966eaff65774345a8662b034a7c0e2) Importer(815301076,1909f56bfc062723c751e8b465ee728b)  -> (artifact id: '254a131e685e71cd53ae0fe91590c697') in 0.014216 seconds 
========================================================================
Received Import Request.
  Time since last request: 0.000025 seconds.
  path: Assets/NRSDK/Demos/TrackingImage/Mesh/Axis_Mesh.obj
  artifactKey: Guid(3c735a14671f45b438734f07c7774f29) Importer(815301076,1909f56bfc062723c751e8b465ee728b)
Start importing Assets/NRSDK/Demos/TrackingImage/Mesh/Axis_Mesh.obj using Guid(3c735a14671f45b438734f07c7774f29) Importer(815301076,1909f56bfc062723c751e8b465ee728b)  -> (artifact id: '7d459696137f1179bf7f13a6bfb063c7') in 0.027893 seconds 
========================================================================
Received Import Request.
  Time since last request: 0.000020 seconds.
  path: Assets/NRSDK/Demos/TrackingImage/Mesh/Axis_Corr_Mesh.obj
  artifactKey: Guid(f53f11728599e5249b88f3f2e1a5e640) Importer(815301076,1909f56bfc062723c751e8b465ee728b)
Start importing Assets/NRSDK/Demos/TrackingImage/Mesh/Axis_Corr_Mesh.obj using Guid(f53f11728599e5249b88f3f2e1a5e640) Importer(815301076,1909f56bfc062723c751e8b465ee728b)  -> (artifact id: '777fad85c1a3a7222582f697482a2482') in 0.025725 seconds 
========================================================================
Received Import Request.
  Time since last request: 0.000021 seconds.
  path: Assets/NRSDK/Emulator/Model/EmulatorRoom.FBX
  artifactKey: Guid(d95c73ea5c81ab1448cf27ee783fbb93) Importer(815301076,1909f56bfc062723c751e8b465ee728b)
Start importing Assets/NRSDK/Emulator/Model/EmulatorRoom.FBX using Guid(d95c73ea5c81ab1448cf27ee783fbb93) Importer(815301076,1909f56bfc062723c751e8b465ee728b)  -> (artifact id: 'f340ec63a0afc2423e6e66943c032125') in 0.150555 seconds 
========================================================================
Received Import Request.
  Time since last request: 54.031716 seconds.
  path: Assets/NRSDK/NRSDK.asmdef
  artifactKey: Guid(02229f6652728da45838accf9ce93851) Importer(815301076,1909f56bfc062723c751e8b465ee728b)
Start importing Assets/NRSDK/NRSDK.asmdef using Guid(02229f6652728da45838accf9ce93851) Importer(815301076,1909f56bfc062723c751e8b465ee728b)  -> (artifact id: '5eba454aeec932ccc621db023afd8542') in 0.006791 seconds 
========================================================================
Received Import Request.
  Time since last request: 7.526070 seconds.
  path: Assets/NRSDK/Demos/TrackingImage/Images/nreal_snake.jpg
  artifactKey: Guid(570be5ff8a6ddc940af37ed4673d0dea) Importer(815301076,1909f56bfc062723c751e8b465ee728b)
Start importing Assets/NRSDK/Demos/TrackingImage/Images/nreal_snake.jpg using Guid(570be5ff8a6ddc940af37ed4673d0dea) Importer(815301076,1909f56bfc062723c751e8b465ee728b)  -> (artifact id: '9d9fc6a42a41884f28bd6b9b00d90b88') in 0.052374 seconds 
========================================================================
Received Import Request.
  Time since last request: 2.420880 seconds.
  path: Assets/NRSDK/Demos/TrackingImage/Images/s12569.png
  artifactKey: Guid(286c033696402794ca64657ebe3b6313) Importer(815301076,1909f56bfc062723c751e8b465ee728b)
Start importing Assets/NRSDK/Demos/TrackingImage/Images/s12569.png using Guid(286c033696402794ca64657ebe3b6313) Importer(815301076,1909f56bfc062723c751e8b465ee728b)  -> (artifact id: '1460da6c9434c55e0bc462d601a94bc5') in 0.013836 seconds 
========================================================================
Received Prepare
Refreshing native plugins compatible for Editor in 64.10 ms, found 6 plugins.
Preloading 0 native plugins for Editor in 0.00 ms.
Unloading 26 Unused Serialized files (Serialized files now loaded: 0)
Unloading 28 unused Assets / (23.4 KB). Loaded Objects now: 2482.
Memory consumption went from 47.7 MB to 47.6 MB.
Total: 16.217700 ms (FindLiveObjects: 1.656600 ms CreateObjectMapping: 0.145200 ms MarkObjects: 14.361400 ms  DeleteObjects: 0.052900 ms)

AssetImportParameters requested are different than current active one (requested -> active):
  custom:video-decoder-ogg-theora: a1e56fd34408186e4bbccfd4996cb3dc -> 
  custom:container-muxer-webm: aa71ff27fc2769a1b78a27578f13a17b -> 
  custom:container-demuxer-webm: 4f35f7cbe854078d1ac9338744f61a02 -> 
  custom:video-encoder-webm-vp8: eb34c28f22e8b96e1ab97ce403110664 -> 
  custom:video-codec-MediaFoundation-h265: 746d11721c4dcdbdad8f713fa42b33f4 -> 
  custom:audio-encoder-webm-vorbis: bf7c407c2cedff20999df2af8eb42d56 -> 
  custom:framework-win-MediaFoundation: 216162199b28c13a410421893ffa2e32 -> 
  custom:container-demuxer-ogg: 62fdf1f143b41e24485cea50d1cbac27 -> 
  custom:video-decoder-webm-vp8: 9c59270c3fd7afecdb556c50c9e8de78 -> 
  custom:audio-decoder-ogg-vorbis: bf7c407c2cedff20999df2af8eb42d56 -> 
========================================================================
Received Prepare
Registering precompiled user dll's ...
Registered in 0.009291 seconds.
Begin MonoManager ReloadAssembly
Native extension for WindowsStandalone target not found
Native extension for Android target not found
Refreshing native plugins compatible for Editor in 0.83 ms, found 6 plugins.
Preloading 0 native plugins for Editor in 0.00 ms.
Mono: successfully reloaded assembly
- Completed reload, in  1.280 seconds
Domain Reload Profiling:
	ReloadAssembly (1281ms)
		BeginReloadAssembly (159ms)
			ExecutionOrderSort (0ms)
			DisableScriptedObjects (5ms)
			BackupInstance (0ms)
			ReleaseScriptingObjects (0ms)
			CreateAndSetChildDomain (38ms)
		EndReloadAssembly (987ms)
			LoadAssemblies (100ms)
			RebuildTransferFunctionScriptingTraits (0ms)
			SetupTypeCache (245ms)
			ReleaseScriptCaches (2ms)
			RebuildScriptCaches (70ms)
			SetupLoadedEditorAssemblies (494ms)
				LogAssemblyErrors (0ms)
				InitializePlatformSupportModulesInManaged (34ms)
				SetLoadedEditorAssemblies (1ms)
				RefreshPlugins (1ms)
				BeforeProcessingInitializeOnLoad (73ms)
				ProcessInitializeOnLoadAttributes (326ms)
				ProcessInitializeOnLoadMethodAttributes (46ms)
				AfterProcessingInitializeOnLoad (13ms)
				EditorAssembliesLoaded (0ms)
			ExecutionOrderSort2 (0ms)
			AwakeInstancesAfterBackupRestoration (8ms)
Platform modules already initialized, skipping
Refreshing native plugins compatible for Editor in 6.08 ms, found 6 plugins.
Preloading 0 native plugins for Editor in 0.00 ms.
Unloading 1948 Unused Serialized files (Serialized files now loaded: 0)
Unloading 26 unused Assets / (25.7 KB). Loaded Objects now: 2484.
Memory consumption went from 85.6 MB to 85.6 MB.
Total: 4.377900 ms (FindLiveObjects: 0.195600 ms CreateObjectMapping: 0.077100 ms MarkObjects: 4.070600 ms  DeleteObjects: 0.033200 ms)

AssetImportParameters requested are different than current active one (requested -> active):
  custom:video-decoder-ogg-theora: a1e56fd34408186e4bbccfd4996cb3dc -> 
  custom:container-muxer-webm: aa71ff27fc2769a1b78a27578f13a17b -> 
  custom:container-demuxer-webm: 4f35f7cbe854078d1ac9338744f61a02 -> 
  custom:video-encoder-webm-vp8: eb34c28f22e8b96e1ab97ce403110664 -> 
  custom:video-codec-MediaFoundation-h265: 746d11721c4dcdbdad8f713fa42b33f4 -> 
  custom:audio-encoder-webm-vorbis: bf7c407c2cedff20999df2af8eb42d56 -> 
  custom:framework-win-MediaFoundation: 216162199b28c13a410421893ffa2e32 -> 
  custom:container-demuxer-ogg: 62fdf1f143b41e24485cea50d1cbac27 -> 
  custom:video-decoder-webm-vp8: 9c59270c3fd7afecdb556c50c9e8de78 -> 
  custom:audio-decoder-ogg-vorbis: bf7c407c2cedff20999df2af8eb42d56 -> 
========================================================================
Received Prepare
Refreshing native plugins compatible for Editor in 11.56 ms, found 6 plugins.
Preloading 0 native plugins for Editor in 0.00 ms.
Unloading 26 Unused Serialized files (Serialized files now loaded: 0)
Unloading 26 unused Assets / (21.9 KB). Loaded Objects now: 2484.
Memory consumption went from 47.1 MB to 47.1 MB.
Total: 4.903300 ms (FindLiveObjects: 0.185400 ms CreateObjectMapping: 0.087000 ms MarkObjects: 4.603700 ms  DeleteObjects: 0.025900 ms)

AssetImportParameters requested are different than current active one (requested -> active):
  custom:video-decoder-ogg-theora: a1e56fd34408186e4bbccfd4996cb3dc -> 
  custom:container-muxer-webm: aa71ff27fc2769a1b78a27578f13a17b -> 
  custom:container-demuxer-webm: 4f35f7cbe854078d1ac9338744f61a02 -> 
  custom:video-encoder-webm-vp8: eb34c28f22e8b96e1ab97ce403110664 -> 
  custom:video-codec-MediaFoundation-h265: 746d11721c4dcdbdad8f713fa42b33f4 -> 
  custom:audio-encoder-webm-vorbis: bf7c407c2cedff20999df2af8eb42d56 -> 
  custom:framework-win-MediaFoundation: 216162199b28c13a410421893ffa2e32 -> 
  custom:container-demuxer-ogg: 62fdf1f143b41e24485cea50d1cbac27 -> 
  custom:video-decoder-webm-vp8: 9c59270c3fd7afecdb556c50c9e8de78 -> 
  custom:audio-decoder-ogg-vorbis: bf7c407c2cedff20999df2af8eb42d56 -> 
========================================================================
Received Import Request.
  Time since last request: 1491.003415 seconds.
  path: Assets/CustomAssets Roel/DetectableImages/Materials/s123.mat
  artifactKey: Guid(a5a20efc59fbc4447bfa08e59a524252) Importer(815301076,1909f56bfc062723c751e8b465ee728b)
Start importing Assets/CustomAssets Roel/DetectableImages/Materials/s123.mat using Guid(a5a20efc59fbc4447bfa08e59a524252) Importer(815301076,1909f56bfc062723c751e8b465ee728b)  -> (artifact id: 'f1825a0f0c5db2a32f94a0c4991c1a28') in 0.117605 seconds 
========================================================================
Received Prepare
Refreshing native plugins compatible for Editor in 8.95 ms, found 6 plugins.
Preloading 0 native plugins for Editor in 0.00 ms.
Unloading 26 Unused Serialized files (Serialized files now loaded: 0)
Unloading 26 unused Assets / (21.9 KB). Loaded Objects now: 2485.
Memory consumption went from 47.1 MB to 47.1 MB.
Total: 4.418400 ms (FindLiveObjects: 0.362700 ms CreateObjectMapping: 0.110200 ms MarkObjects: 3.918300 ms  DeleteObjects: 0.025700 ms)

AssetImportParameters requested are different than current active one (requested -> active):
  custom:video-decoder-ogg-theora: a1e56fd34408186e4bbccfd4996cb3dc -> 
  custom:container-muxer-webm: aa71ff27fc2769a1b78a27578f13a17b -> 
  custom:container-demuxer-webm: 4f35f7cbe854078d1ac9338744f61a02 -> 
  custom:video-encoder-webm-vp8: eb34c28f22e8b96e1ab97ce403110664 -> 
  custom:video-codec-MediaFoundation-h265: 746d11721c4dcdbdad8f713fa42b33f4 -> 
  custom:audio-encoder-webm-vorbis: bf7c407c2cedff20999df2af8eb42d56 -> 
  custom:framework-win-MediaFoundation: 216162199b28c13a410421893ffa2e32 -> 
  custom:container-demuxer-ogg: 62fdf1f143b41e24485cea50d1cbac27 -> 
  custom:video-decoder-webm-vp8: 9c59270c3fd7afecdb556c50c9e8de78 -> 
  custom:audio-decoder-ogg-vorbis: bf7c407c2cedff20999df2af8eb42d56 -> 
========================================================================
Received Import Request.
  Time since last request: 1443.011626 seconds.
  path: Assets/NRSDK/Emulator/Prefabs/NRTrackablePlaneTarget.prefab
  artifactKey: Guid(0f36982c8f1d76f4083786fd7c1230fb) Importer(815301076,1909f56bfc062723c751e8b465ee728b)
Start importing Assets/NRSDK/Emulator/Prefabs/NRTrackablePlaneTarget.prefab using Guid(0f36982c8f1d76f4083786fd7c1230fb) Importer(815301076,1909f56bfc062723c751e8b465ee728b)  -> (artifact id: '21de85fddfcb614f70bea30389083566') in 0.140369 seconds 
========================================================================
Received Import Request.
  Time since last request: 33.135461 seconds.
  path: Assets/NRSDK/Emulator/Materials/Plane.mat
  artifactKey: Guid(35fe3f5cbef08464f9949f866f72331e) Importer(815301076,1909f56bfc062723c751e8b465ee728b)
Start importing Assets/NRSDK/Emulator/Materials/Plane.mat using Guid(35fe3f5cbef08464f9949f866f72331e) Importer(815301076,1909f56bfc062723c751e8b465ee728b)  -> (artifact id: '0b061b1338fc75455a3cb36cbc75e371') in 0.092667 seconds 
========================================================================
Received Import Request.
  Time since last request: 2.157373 seconds.
  path: Assets/NRSDK/Models/SimulatorRoom/room.FBX
  artifactKey: Guid(65a78689dc9ad7c47968f81c369684c5) Importer(815301076,1909f56bfc062723c751e8b465ee728b)
Start importing Assets/NRSDK/Models/SimulatorRoom/room.FBX using Guid(65a78689dc9ad7c47968f81c369684c5) Importer(815301076,1909f56bfc062723c751e8b465ee728b)  -> (artifact id: 'ab6c54ae3e882b4f795511ea0a4f751f') in 0.223630 seconds 
========================================================================
Received Import Request.
  Time since last request: 0.000029 seconds.
  path: Assets/NRSDK/Demos/TrackingImage/Images/Materials/qr code.mat
  artifactKey: Guid(2d34682be35d3e24e8f01bed91b81246) Importer(815301076,1909f56bfc062723c751e8b465ee728b)
Start importing Assets/NRSDK/Demos/TrackingImage/Images/Materials/qr code.mat using Guid(2d34682be35d3e24e8f01bed91b81246) Importer(815301076,1909f56bfc062723c751e8b465ee728b)  -> (artifact id: '5c109f9837995f0402c6f52ccbb2dd50') in 0.013473 seconds 
========================================================================
Received Import Request.
  Time since last request: 0.000037 seconds.
  path: Assets/NRSDK/Materials/Hands/simple_joint.mat
  artifactKey: Guid(a76605e2baed2d54e9925fcda12e78c0) Importer(815301076,1909f56bfc062723c751e8b465ee728b)
Start importing Assets/NRSDK/Materials/Hands/simple_joint.mat using Guid(a76605e2baed2d54e9925fcda12e78c0) Importer(815301076,1909f56bfc062723c751e8b465ee728b)  -> (artifact id: '68e5310506afd7bc44fd53d3255b535e') in 0.018657 seconds 
Editor requested this worker to shutdown with reason: Scaling down because of idle timeout
AssetImportWorker is now disconnected from the server
Process exiting
Exiting without the bug reporter. Application will terminate with return code 0